This file contains any messages produced by compilers while
running configure, to aid debugging if configure makes a mistake.

It was created by FreeType configure 2.4.9, which was
generated by GNU Autoconf 2.68.  Invocation command line was

  $ ./configure 

## --------- ##
## Platform. ##
## --------- ##

hostname = Jianfengs-MacBook-Pro.local
uname -m = x86_64
uname -r = 17.4.0
uname -s = Darwin
uname -v = Darwin Kernel Version 17.4.0: Sun Dec 17 09:19:54 PST 2017; root:xnu-4570.41.2~1/RELEASE_X86_64

/usr/bin/uname -p = i386
/bin/uname -X     = unknown

/bin/arch              = unknown
/usr/bin/arch -k       = unknown
/usr/convex/getsysinfo = unknown
/usr/bin/hostinfo      = Mach kernel version:
	 Darwin Kernel Version 17.4.0: Sun Dec 17 09:19:54 PST 2017; root:xnu-4570.41.2~1/RELEASE_X86_64
Kernel configured for up to 4 processors.
2 processors are physically available.
4 processors are logically available.
Processor type: x86_64h (Intel x86-64h Haswell)
Processors active: 0 1 2 3
Primary memory available: 8.00 gigabytes
Default processor set: 369 tasks, 1461 threads, 4 processors
Load average: 6.00, Mach factor: 0.95
/bin/machine           = unknown
/usr/bin/oslevel       = unknown
/bin/universe          = unknown

PATH: /Library/Frameworks/Python.framework/Versions/3.5/bin
PATH: /Users/jianfeng/.cargo/bin
PATH: /Users/jianfeng/.cargo/bin
PATH: /Users/jianfeng/.rbenv/shims
PATH: /Users/jianfeng/.rbenv/bin
PATH: /Users/jianfeng/google-cloud-sdk/bin
PATH: /usr/local/bin
PATH: /usr/bin
PATH: /bin
PATH: /usr/sbin
PATH: /sbin
PATH: /Library/TeX/texbin
PATH: /Library/Frameworks/Mono.framework/Versions/Current/Commands
PATH: /Applications/Wireshark.app/Contents/MacOS


## ----------- ##
## Core tests. ##
## ----------- ##

configure:2458: checking build system type
configure:2472: result: x86_64-apple-darwin17.4.0
configure:2492: checking host system type
configure:2505: result: x86_64-apple-darwin17.4.0
configure:2577: checking for gcc
configure:2593: found /usr/bin/gcc
configure:2604: result: gcc
configure:2833: checking for C compiler version
configure:2842: gcc --version >&5
Apple LLVM version 9.0.0 (clang-900.0.39.2)
Target: x86_64-apple-darwin17.4.0
Thread model: posix
InstalledDir: /Applications/Xcode.app/Contents/Developer/Toolchains/XcodeDefault.xctoolchain/usr/bin
Configured with: --prefix=/Applications/Xcode.app/Contents/Developer/usr --with-gxx-include-dir=/Applications/Xcode.app/Contents/Developer/Platforms/MacOSX.platform/Developer/SDKs/MacOSX10.13.sdk/usr/include/c++/4.2.1
configure:2853: $? = 0
configure:2842: gcc -v >&5
Configured with: --prefix=/Applications/Xcode.app/Contents/Developer/usr --with-gxx-include-dir=/Applications/Xcode.app/Contents/Developer/Platforms/MacOSX.platform/Developer/SDKs/MacOSX10.13.sdk/usr/include/c++/4.2.1
Apple LLVM version 9.0.0 (clang-900.0.39.2)
Target: x86_64-apple-darwin17.4.0
Thread model: posix
InstalledDir: /Applications/Xcode.app/Contents/Developer/Toolchains/XcodeDefault.xctoolchain/usr/bin
configure:2853: $? = 0
configure:2842: gcc -V >&5
clang: error: argument to '-V' is missing (expected 1 value)
clang: error: no input files
configure:2853: $? = 1
configure:2842: gcc -qversion >&5
clang: error: unknown argument: '-qversion'
clang: error: no input files
configure:2853: $? = 1
configure:2873: checking whether the C compiler works
configure:2895: gcc    conftest.c  >&5
configure:2899: $? = 0
configure:2947: result: yes
configure:2950: checking for C compiler default output file name
configure:2952: result: a.out
configure:2958: checking for suffix of executables
configure:2965: gcc -o conftest    conftest.c  >&5
configure:2969: $? = 0
configure:2991: result: 
configure:3013: checking whether we are cross compiling
configure:3021: gcc -o conftest    conftest.c  >&5
configure:3025: $? = 0
configure:3032: ./conftest
configure:3036: $? = 0
configure:3051: result: no
configure:3056: checking for suffix of object files
configure:3078: gcc -c   conftest.c >&5
configure:3082: $? = 0
configure:3103: result: o
configure:3107: checking whether we are using the GNU C compiler
configure:3126: gcc -c   conftest.c >&5
configure:3126: $? = 0
configure:3135: result: yes
configure:3144: checking whether gcc accepts -g
configure:3164: gcc -c -g  conftest.c >&5
configure:3164: $? = 0
configure:3205: result: yes
configure:3222: checking for gcc option to accept ISO C89
configure:3286: gcc  -c -g -O2  conftest.c >&5
configure:3286: $? = 0
configure:3299: result: none needed
configure:3324: checking how to run the C preprocessor
configure:3355: gcc -E  conftest.c
configure:3355: $? = 0
configure:3369: gcc -E  conftest.c
conftest.c:9:10: fatal error: 'ac_nonexistent.h' file not found
#include <ac_nonexistent.h>
         ^~~~~~~~~~~~~~~~~~
1 error generated.
configure:3369: $? = 1
configure: failed program was:
| /* confdefs.h */
| #define PACKAGE_NAME "FreeType"
| #define PACKAGE_TARNAME "freetype"
| #define PACKAGE_VERSION "2.4.9"
| #define PACKAGE_STRING "FreeType 2.4.9"
| #define PACKAGE_BUGREPORT "freetype@nongnu.org"
| #define PACKAGE_URL ""
| /* end confdefs.h.  */
| #include <ac_nonexistent.h>
configure:3394: result: gcc -E
configure:3414: gcc -E  conftest.c
configure:3414: $? = 0
configure:3428: gcc -E  conftest.c
conftest.c:9:10: fatal error: 'ac_nonexistent.h' file not found
#include <ac_nonexistent.h>
         ^~~~~~~~~~~~~~~~~~
1 error generated.
configure:3428: $? = 1
configure: failed program was:
| /* confdefs.h */
| #define PACKAGE_NAME "FreeType"
| #define PACKAGE_TARNAME "freetype"
| #define PACKAGE_VERSION "2.4.9"
| #define PACKAGE_STRING "FreeType 2.4.9"
| #define PACKAGE_BUGREPORT "freetype@nongnu.org"
| #define PACKAGE_URL ""
| /* end confdefs.h.  */
| #include <ac_nonexistent.h>
configure:3644: checking for rm
configure:3660: found /bin/rm
configure:3671: result: rm -f
configure:3681: checking for rmdir
configure:3697: found /bin/rmdir
configure:3708: result: rmdir
configure:3736: checking for a BSD-compatible install
configure:3804: result: /usr/local/bin/ginstall -c
configure:3828: checking for grep that handles long lines and -e
configure:3886: result: /usr/bin/grep
configure:3891: checking for egrep
configure:3953: result: /usr/bin/grep -E
configure:3958: checking for ANSI C header files
configure:3978: gcc -c -g -O2  conftest.c >&5
configure:3978: $? = 0
configure:4051: gcc -o conftest -g -O2   conftest.c  >&5
configure:4051: $? = 0
configure:4051: ./conftest
configure:4051: $? = 0
configure:4062: result: yes
configure:4075: checking for sys/types.h
configure:4075: gcc -c -g -O2  conftest.c >&5
configure:4075: $? = 0
configure:4075: result: yes
configure:4075: checking for sys/stat.h
configure:4075: gcc -c -g -O2  conftest.c >&5
configure:4075: $? = 0
configure:4075: result: yes
configure:4075: checking for stdlib.h
configure:4075: gcc -c -g -O2  conftest.c >&5
configure:4075: $? = 0
configure:4075: result: yes
configure:4075: checking for string.h
configure:4075: gcc -c -g -O2  conftest.c >&5
configure:4075: $? = 0
configure:4075: result: yes
configure:4075: checking for memory.h
configure:4075: gcc -c -g -O2  conftest.c >&5
configure:4075: $? = 0
configure:4075: result: yes
configure:4075: checking for strings.h
configure:4075: gcc -c -g -O2  conftest.c >&5
configure:4075: $? = 0
configure:4075: result: yes
configure:4075: checking for inttypes.h
configure:4075: gcc -c -g -O2  conftest.c >&5
configure:4075: $? = 0
configure:4075: result: yes
configure:4075: checking for stdint.h
configure:4075: gcc -c -g -O2  conftest.c >&5
configure:4075: $? = 0
configure:4075: result: yes
configure:4075: checking for unistd.h
configure:4075: gcc -c -g -O2  conftest.c >&5
configure:4075: $? = 0
configure:4075: result: yes
configure:4090: checking fcntl.h usability
configure:4090: gcc -c -g -O2  conftest.c >&5
configure:4090: $? = 0
configure:4090: result: yes
configure:4090: checking fcntl.h presence
configure:4090: gcc -E  conftest.c
configure:4090: $? = 0
configure:4090: result: yes
configure:4090: checking for fcntl.h
configure:4090: result: yes
configure:4090: checking for unistd.h
configure:4090: result: yes
configure:4104: checking for an ANSI C-conforming const
configure:4169: gcc -c -g -O2  conftest.c >&5
configure:4169: $? = 0
configure:4176: result: yes
configure:4188: checking size of int
configure:4193: gcc -o conftest -g -O2   conftest.c  >&5
configure:4193: $? = 0
configure:4193: ./conftest
configure:4193: $? = 0
configure:4207: result: 4
configure:4221: checking size of long
configure:4226: gcc -o conftest -g -O2   conftest.c  >&5
configure:4226: $? = 0
configure:4226: ./conftest
configure:4226: $? = 0
configure:4240: result: 8
configure:4254: checking whether cpp computation of bit length in ftconfig.in works
configure:4305: result: yes
configure:4342: checking for stdlib.h
configure:4342: result: yes
configure:4342: checking for unistd.h
configure:4342: result: yes
configure:4342: checking for sys/param.h
configure:4342: gcc -c -g -O2  conftest.c >&5
configure:4342: $? = 0
configure:4342: result: yes
configure:4362: checking for getpagesize
configure:4362: gcc -o conftest -g -O2   conftest.c  >&5
configure:4362: $? = 0
configure:4362: result: yes
configure:4371: checking for working mmap
configure:4518: gcc -o conftest -g -O2   conftest.c  >&5
configure:4518: $? = 0
configure:4518: ./conftest
configure:4518: $? = 0
configure:4528: result: yes
configure:4544: checking whether munmap is declared
configure:4544: gcc -c -g -O2  conftest.c >&5
configure:4544: $? = 0
configure:4544: result: yes
configure:4564: checking for munmap's first parameter type
configure:4578: gcc -c -g -O2  conftest.c >&5
configure:4578: $? = 0
configure:4579: result: void *
configure:4596: checking for memcpy
configure:4596: gcc -o conftest -g -O2   conftest.c  >&5
conftest.c:53:6: warning: incompatible redeclaration of library function 'memcpy' [-Wincompatible-library-redeclaration]
char memcpy ();
     ^
conftest.c:53:6: note: 'memcpy' is a builtin with type 'void *(void *, const void *, unsigned long)'
1 warning generated.
configure:4596: $? = 0
configure:4596: result: yes
configure:4596: checking for memmove
configure:4596: gcc -o conftest -g -O2   conftest.c  >&5
conftest.c:54:6: warning: incompatible redeclaration of library function 'memmove' [-Wincompatible-library-redeclaration]
char memmove ();
     ^
conftest.c:54:6: note: 'memmove' is a builtin with type 'void *(void *, const void *, unsigned long)'
1 warning generated.
configure:4596: $? = 0
configure:4596: result: yes
configure:4617: checking for gzsetparams in -lz
configure:4642: gcc -o conftest -g -O2   conftest.c -lz   >&5
configure:4642: $? = 0
configure:4651: result: yes
configure:4654: checking zlib.h usability
configure:4654: gcc -c -g -O2  conftest.c >&5
configure:4654: $? = 0
configure:4654: result: yes
configure:4654: checking zlib.h presence
configure:4654: gcc -E  conftest.c
configure:4654: $? = 0
configure:4654: result: yes
configure:4654: checking for zlib.h
configure:4654: result: yes
configure:4679: checking for BZ2_bzDecompress in -lbz2
configure:4704: gcc -o conftest -g -O2 -DFT_CONFIG_OPTION_SYSTEM_ZLIB   -lz conftest.c -lbz2   >&5
configure:4704: $? = 0
configure:4713: result: yes
configure:4716: checking bzlib.h usability
configure:4716: gcc -c -g -O2 -DFT_CONFIG_OPTION_SYSTEM_ZLIB  conftest.c >&5
configure:4716: $? = 0
configure:4716: result: yes
configure:4716: checking bzlib.h presence
configure:4716: gcc -E  conftest.c
configure:4716: $? = 0
configure:4716: result: yes
configure:4716: checking for bzlib.h
configure:4716: result: yes
configure:5365: checking how to print strings
configure:5392: result: printf
configure:5413: checking for a sed that does not truncate output
configure:5477: result: /usr/bin/sed
configure:5495: checking for fgrep
configure:5557: result: /usr/bin/grep -F
configure:5592: checking for ld used by gcc
configure:5659: result: /Applications/Xcode.app/Contents/Developer/Toolchains/XcodeDefault.xctoolchain/usr/bin/ld
configure:5666: checking if the linker (/Applications/Xcode.app/Contents/Developer/Toolchains/XcodeDefault.xctoolchain/usr/bin/ld) is GNU ld
configure:5681: result: no
configure:5693: checking for BSD- or MS-compatible name lister (nm)
configure:5742: result: /usr/bin/nm -B
configure:5872: checking the name lister (/usr/bin/nm -B) interface
configure:5879: gcc -c -g -O2 -DFT_CONFIG_OPTION_SYSTEM_ZLIB -DFT_CONFIG_OPTION_USE_BZIP2 -DDARWIN_NO_CARBON  conftest.c >&5
configure:5882: /usr/bin/nm -B "conftest.o"
configure:5885: output
00000000000001f4 S _some_variable
configure:5892: result: BSD nm
configure:5895: checking whether ln -s works
configure:5899: result: yes
configure:5907: checking the maximum length of command line arguments
configure:6037: result: 196608
configure:6054: checking whether the shell understands some XSI constructs
configure:6064: result: yes
configure:6068: checking whether the shell understands "+="
configure:6074: result: yes
configure:6109: checking how to convert x86_64-apple-darwin17.4.0 file names to x86_64-apple-darwin17.4.0 format
configure:6149: result: func_convert_file_noop
configure:6156: checking how to convert x86_64-apple-darwin17.4.0 file names to toolchain format
configure:6176: result: func_convert_file_noop
configure:6183: checking for /Applications/Xcode.app/Contents/Developer/Toolchains/XcodeDefault.xctoolchain/usr/bin/ld option to reload object files
configure:6190: result: -r
configure:6264: checking for objdump
configure:6280: found /usr/bin/objdump
configure:6291: result: objdump
configure:6320: checking how to recognize dependent libraries
configure:6522: result: pass_all
configure:6607: checking for dlltool
configure:6637: result: no
configure:6664: checking how to associate runtime and link libraries
configure:6691: result: printf %s\n
configure:6751: checking for ar
configure:6767: found /usr/bin/ar
configure:6778: result: ar
configure:6815: checking for archiver @FILE support
configure:6832: gcc -c -g -O2 -DFT_CONFIG_OPTION_SYSTEM_ZLIB -DFT_CONFIG_OPTION_USE_BZIP2 -DDARWIN_NO_CARBON  conftest.c >&5
configure:6832: $? = 0
configure:6835: ar cru libconftest.a @conftest.lst >&5
ar: @conftest.lst: No such file or directory
configure:6838: $? = 1
configure:6858: result: no
configure:6916: checking for strip
configure:6932: found /usr/bin/strip
configure:6943: result: strip
configure:7015: checking for ranlib
configure:7031: found /usr/bin/ranlib
configure:7042: result: ranlib
configure:7119: checking for gawk
configure:7149: result: no
configure:7119: checking for mawk
configure:7149: result: no
configure:7119: checking for nawk
configure:7149: result: no
configure:7119: checking for awk
configure:7135: found /usr/bin/awk
configure:7146: result: awk
configure:7186: checking command to parse /usr/bin/nm -B output from gcc object
configure:7306: gcc -c -g -O2 -DFT_CONFIG_OPTION_SYSTEM_ZLIB -DFT_CONFIG_OPTION_USE_BZIP2 -DDARWIN_NO_CARBON  conftest.c >&5
configure:7309: $? = 0
configure:7313: /usr/bin/nm -B conftest.o \| sed -n -e 's/^.*[ ]\([BCDEGRST][BCDEGRST]*\)[ ][ ]*\([_A-Za-z][_A-Za-z0-9]*\)$/\1 \2 \2/p' | sed '/ __gnu_lto/d' \> conftest.nm
configure:7316: $? = 0
cannot find nm_test_var in conftest.nm
configure:7306: gcc -c -g -O2 -DFT_CONFIG_OPTION_SYSTEM_ZLIB -DFT_CONFIG_OPTION_USE_BZIP2 -DDARWIN_NO_CARBON  conftest.c >&5
configure:7309: $? = 0
configure:7313: /usr/bin/nm -B conftest.o \| sed -n -e 's/^.*[ ]\([BCDEGRST][BCDEGRST]*\)[ ][ ]*_\([_A-Za-z][_A-Za-z0-9]*\)$/\1 _\2 \2/p' | sed '/ __gnu_lto/d' \> conftest.nm
configure:7316: $? = 0
configure:7382: gcc -o conftest -g -O2 -DFT_CONFIG_OPTION_SYSTEM_ZLIB -DFT_CONFIG_OPTION_USE_BZIP2 -DDARWIN_NO_CARBON   -lz -lbz2 conftest.c conftstm.o >&5
warning: (x86_64)  could not find object file symbol for symbol _main
configure:7385: $? = 0
configure:7423: result: ok
configure:7460: checking for sysroot
configure:7490: result: no
configure:7746: checking for mt
configure:7776: result: no
configure:7796: checking if : is a manifest tool
configure:7802: : '-?'
configure:7810: result: no
configure:7866: checking for dsymutil
configure:7882: found /usr/bin/dsymutil
configure:7893: result: dsymutil
configure:7958: checking for nmedit
configure:7974: found /usr/bin/nmedit
configure:7985: result: nmedit
configure:8050: checking for lipo
configure:8066: found /usr/bin/lipo
configure:8077: result: lipo
configure:8142: checking for otool
configure:8158: found /usr/bin/otool
configure:8169: result: otool
configure:8234: checking for otool64
configure:8264: result: no
configure:8309: checking for -single_module linker flag
gcc -g -O2 -DFT_CONFIG_OPTION_SYSTEM_ZLIB -DFT_CONFIG_OPTION_USE_BZIP2 -DDARWIN_NO_CARBON  -lz -lbz2 -o libconftest.dylib -dynamiclib -Wl,-single_module conftest.c
configure:8342: result: yes
configure:8345: checking for -exported_symbols_list linker flag
configure:8365: gcc -o conftest -g -O2 -DFT_CONFIG_OPTION_SYSTEM_ZLIB -DFT_CONFIG_OPTION_USE_BZIP2 -DDARWIN_NO_CARBON   -lz -lbz2 -Wl,-exported_symbols_list,conftest.sym conftest.c  >&5
configure:8365: $? = 0
configure:8375: result: yes
configure:8378: checking for -force_load linker flag
gcc -g -O2 -DFT_CONFIG_OPTION_SYSTEM_ZLIB -DFT_CONFIG_OPTION_USE_BZIP2 -DDARWIN_NO_CARBON -c -o conftest.o conftest.c
ar cru libconftest.a conftest.o
ranlib libconftest.a
gcc -g -O2 -DFT_CONFIG_OPTION_SYSTEM_ZLIB -DFT_CONFIG_OPTION_USE_BZIP2 -DDARWIN_NO_CARBON  -lz -lbz2 -o conftest conftest.c -Wl,-force_load,./libconftest.a
configure:8410: result: yes
configure:8449: checking for dlfcn.h
configure:8449: gcc -c -g -O2 -DFT_CONFIG_OPTION_SYSTEM_ZLIB -DFT_CONFIG_OPTION_USE_BZIP2 -DDARWIN_NO_CARBON  conftest.c >&5
configure:8449: $? = 0
configure:8449: result: yes
configure:8953: checking for objdir
configure:8968: result: .libs
configure:9235: checking if gcc supports -fno-rtti -fno-exceptions
configure:9253: gcc -c -g -O2 -DFT_CONFIG_OPTION_SYSTEM_ZLIB -DFT_CONFIG_OPTION_USE_BZIP2 -DDARWIN_NO_CARBON  -fno-rtti -fno-exceptions conftest.c >&5
configure:9257: $? = 0
configure:9270: result: yes
configure:9597: checking for gcc option to produce PIC
configure:9604: result: -fno-common -DPIC
configure:9612: checking if gcc PIC flag -fno-common -DPIC works
configure:9630: gcc -c -g -O2 -DFT_CONFIG_OPTION_SYSTEM_ZLIB -DFT_CONFIG_OPTION_USE_BZIP2 -DDARWIN_NO_CARBON  -fno-common -DPIC -DPIC conftest.c >&5
configure:9634: $? = 0
configure:9647: result: yes
configure:9676: checking if gcc static flag -static works
configure:9704: result: no
configure:9719: checking if gcc supports -c -o file.o
configure:9740: gcc -c -g -O2 -DFT_CONFIG_OPTION_SYSTEM_ZLIB -DFT_CONFIG_OPTION_USE_BZIP2 -DDARWIN_NO_CARBON  -o out/conftest2.o conftest.c >&5
configure:9744: $? = 0
configure:9766: result: yes
configure:9774: checking if gcc supports -c -o file.o
configure:9821: result: yes
configure:9854: checking whether the gcc linker (/Applications/Xcode.app/Contents/Developer/Toolchains/XcodeDefault.xctoolchain/usr/bin/ld) supports shared libraries
configure:11007: result: yes
configure:11247: checking dynamic linker characteristics
configure:11980: result: darwin17.4.0 dyld
configure:12087: checking how to hardcode library paths into programs
configure:12112: result: immediate
configure:12652: checking whether stripping libraries is possible
configure:12666: result: yes
configure:12692: checking if libtool supports shared libraries
configure:12694: result: yes
configure:12697: checking whether to build shared libraries
configure:12718: result: yes
configure:12721: checking whether to build static libraries
configure:12725: result: yes
configure:12900: creating ./config.status

## ---------------------- ##
## Running config.status. ##
## ---------------------- ##

This file was extended by FreeType config.status 2.4.9, which was
generated by GNU Autoconf 2.68.  Invocation command line was

  CONFIG_FILES    = 
  CONFIG_HEADERS  = 
  CONFIG_LINKS    = 
  CONFIG_COMMANDS = 
  $ ./config.status 

on Jianfengs-MacBook-Pro.local

config.status:1085: creating unix-cc.mk
config.status:1085: creating unix-def.mk
config.status:1085: creating freetype-config
config.status:1085: creating freetype2.pc
config.status:1085: creating ftconfig.h
config.status:1274: executing libtool commands

## ---------------- ##
## Cache variables. ##
## ---------------- ##

ac_cv_build=x86_64-apple-darwin17.4.0
ac_cv_c_compiler_gnu=yes
ac_cv_c_const=yes
ac_cv_env_CC_set=
ac_cv_env_CC_value=
ac_cv_env_CFLAGS_set=
ac_cv_env_CFLAGS_value=
ac_cv_env_CPPFLAGS_set=
ac_cv_env_CPPFLAGS_value=
ac_cv_env_CPP_set=
ac_cv_env_CPP_value=
ac_cv_env_LDFLAGS_set=
ac_cv_env_LDFLAGS_value=
ac_cv_env_LIBS_set=
ac_cv_env_LIBS_value=
ac_cv_env_build_alias_set=
ac_cv_env_build_alias_value=
ac_cv_env_host_alias_set=
ac_cv_env_host_alias_value=
ac_cv_env_target_alias_set=
ac_cv_env_target_alias_value=
ac_cv_func_getpagesize=yes
ac_cv_func_memcpy=yes
ac_cv_func_memmove=yes
ac_cv_func_mmap_fixed_mapped=yes
ac_cv_have_decl_munmap=yes
ac_cv_header_bzlib_h=yes
ac_cv_header_dlfcn_h=yes
ac_cv_header_fcntl_h=yes
ac_cv_header_inttypes_h=yes
ac_cv_header_memory_h=yes
ac_cv_header_stdc=yes
ac_cv_header_stdint_h=yes
ac_cv_header_stdlib_h=yes
ac_cv_header_string_h=yes
ac_cv_header_strings_h=yes
ac_cv_header_sys_param_h=yes
ac_cv_header_sys_stat_h=yes
ac_cv_header_sys_types_h=yes
ac_cv_header_unistd_h=yes
ac_cv_header_zlib_h=yes
ac_cv_host=x86_64-apple-darwin17.4.0
ac_cv_lib_bz2_BZ2_bzDecompress=yes
ac_cv_lib_z_gzsetparams=yes
ac_cv_objext=o
ac_cv_path_EGREP='/usr/bin/grep -E'
ac_cv_path_FGREP='/usr/bin/grep -F'
ac_cv_path_GREP=/usr/bin/grep
ac_cv_path_SED=/usr/bin/sed
ac_cv_path_install='/usr/local/bin/ginstall -c'
ac_cv_prog_AWK=awk
ac_cv_prog_CPP='gcc -E'
ac_cv_prog_RMDIR=rmdir
ac_cv_prog_RMF='rm -f'
ac_cv_prog_ac_ct_AR=ar
ac_cv_prog_ac_ct_CC=gcc
ac_cv_prog_ac_ct_DSYMUTIL=dsymutil
ac_cv_prog_ac_ct_LIPO=lipo
ac_cv_prog_ac_ct_NMEDIT=nmedit
ac_cv_prog_ac_ct_OBJDUMP=objdump
ac_cv_prog_ac_ct_OTOOL=otool
ac_cv_prog_ac_ct_RANLIB=ranlib
ac_cv_prog_ac_ct_STRIP=strip
ac_cv_prog_cc_c89=
ac_cv_prog_cc_g=yes
ac_cv_sizeof_int=4
ac_cv_sizeof_long=8
lt_cv_apple_cc_single_mod=yes
lt_cv_ar_at_file=no
lt_cv_deplibs_check_method=pass_all
lt_cv_file_magic_cmd='$MAGIC_CMD'
lt_cv_file_magic_test_file=
lt_cv_ld_exported_symbols_list=yes
lt_cv_ld_force_load=yes
lt_cv_ld_reload_flag=-r
lt_cv_nm_interface='BSD nm'
lt_cv_objdir=.libs
lt_cv_path_LD=/Applications/Xcode.app/Contents/Developer/Toolchains/XcodeDefault.xctoolchain/usr/bin/ld
lt_cv_path_NM='/usr/bin/nm -B'
lt_cv_path_mainfest_tool=no
lt_cv_prog_compiler_c_o=yes
lt_cv_prog_compiler_pic='-fno-common -DPIC'
lt_cv_prog_compiler_pic_works=yes
lt_cv_prog_compiler_rtti_exceptions=yes
lt_cv_prog_compiler_static_works=no
lt_cv_prog_gnu_ld=no
lt_cv_sharedlib_from_linklib_cmd='printf %s\n'
lt_cv_sys_global_symbol_pipe='sed -n -e '\''s/^.*[	 ]\([BCDEGRST][BCDEGRST]*\)[	 ][	 ]*_\([_A-Za-z][_A-Za-z0-9]*\)$/\1 _\2 \2/p'\'' | sed '\''/ __gnu_lto/d'\'''
lt_cv_sys_global_symbol_to_c_name_address='sed -n -e '\''s/^: \([^ ]*\)[ ]*$/  {\"\1\", (void *) 0},/p'\'' -e '\''s/^[BCDEGRST]* \([^ ]*\) \([^ ]*\)$/  {"\2", (void *) \&\2},/p'\'''
lt_cv_sys_global_symbol_to_c_name_address_lib_prefix='sed -n -e '\''s/^: \([^ ]*\)[ ]*$/  {\"\1\", (void *) 0},/p'\'' -e '\''s/^[BCDEGRST]* \([^ ]*\) \(lib[^ ]*\)$/  {"\2", (void *) \&\2},/p'\'' -e '\''s/^[BCDEGRST]* \([^ ]*\) \([^ ]*\)$/  {"lib\2", (void *) \&\2},/p'\'''
lt_cv_sys_global_symbol_to_cdecl='sed -n -e '\''s/^T .* \(.*\)$/extern int \1();/p'\'' -e '\''s/^[BCDEGRST]* .* \(.*\)$/extern char \1;/p'\'''
lt_cv_sys_max_cmd_len=196608
lt_cv_to_host_file_cmd=func_convert_file_noop
lt_cv_to_tool_file_cmd=func_convert_file_noop

## ----------------- ##
## Output variables. ##
## ----------------- ##

AR='ar'
AS='as'
AWK='awk'
CC='gcc'
CC_BUILD='gcc'
CFLAGS='-g -O2 -DFT_CONFIG_OPTION_SYSTEM_ZLIB -DFT_CONFIG_OPTION_USE_BZIP2 -DDARWIN_NO_CARBON'
CPP='gcc -E'
CPPFLAGS=''
DEFS='-DHAVE_CONFIG_H'
DLLTOOL='false'
DSYMUTIL='dsymutil'
DUMPBIN=''
ECHO_C='\c'
ECHO_N=''
ECHO_T=''
EGREP='/usr/bin/grep -E'
EXEEXT=''
EXEEXT_BUILD=''
FGREP='/usr/bin/grep -F'
FT2_EXTRA_LIBS=''
FTSYS_SRC='$(BUILD_DIR)/ftsystem.c'
GREP='/usr/bin/grep'
INSTALL_DATA='${INSTALL} -m 644'
INSTALL_PROGRAM='${INSTALL}'
INSTALL_SCRIPT='${INSTALL}'
LD='/Applications/Xcode.app/Contents/Developer/Toolchains/XcodeDefault.xctoolchain/usr/bin/ld'
LDFLAGS=' -lz -lbz2'
LIBBZ2='-lbz2'
LIBOBJS=''
LIBS=''
LIBTOOL='$(SHELL) $(top_builddir)/libtool'
LIBZ='-lz'
LIPO='lipo'
LN_S='ln -s'
LTLIBOBJS=''
MANIFEST_TOOL=':'
NM='/usr/bin/nm -B'
NMEDIT='nmedit'
OBJDUMP='objdump'
OBJEXT='o'
OTOOL64=':'
OTOOL='otool'
PACKAGE_BUGREPORT='freetype@nongnu.org'
PACKAGE_NAME='FreeType'
PACKAGE_STRING='FreeType 2.4.9'
PACKAGE_TARNAME='freetype'
PACKAGE_URL=''
PACKAGE_VERSION='2.4.9'
PATH_SEPARATOR=':'
RANLIB='ranlib'
RMDIR='rmdir'
RMF='rm -f'
SED='/usr/bin/sed'
SHELL='/bin/sh'
STRIP='strip'
SYSTEM_ZLIB='yes'
XX_ANSIFLAGS='-pedantic -ansi'
XX_CFLAGS='-Wall'
ac_ct_AR='ar'
ac_ct_CC='gcc'
ac_ct_DUMPBIN=''
bindir='${exec_prefix}/bin'
build='x86_64-apple-darwin17.4.0'
build_alias=''
build_cpu='x86_64'
build_libtool_libs=''
build_os='darwin17.4.0'
build_vendor='apple'
datadir='${datarootdir}'
datarootdir='${prefix}/share'
docdir='${datarootdir}/doc/${PACKAGE_TARNAME}'
dvidir='${docdir}'
exec_prefix='${prefix}'
ft_version='14.1.8'
ftmac_c=''
hardcode_libdir_flag_spec=''
host='x86_64-apple-darwin17.4.0'
host_alias=''
host_cpu='x86_64'
host_os='darwin17.4.0'
host_vendor='apple'
htmldir='${docdir}'
includedir='${prefix}/include'
infodir='${datarootdir}/info'
libdir='${exec_prefix}/lib'
libexecdir='${exec_prefix}/libexec'
localedir='${datarootdir}/locale'
localstatedir='${prefix}/var'
mandir='${datarootdir}/man'
oldincludedir='/usr/include'
pdfdir='${docdir}'
prefix='/usr/local'
program_transform_name='s,x,x,'
psdir='${docdir}'
sbindir='${exec_prefix}/sbin'
sharedstatedir='${prefix}/com'
sysconfdir='${prefix}/etc'
target_alias=''
version_info='14:1:8'
wl='-Wl,'

## ----------- ##
## confdefs.h. ##
## ----------- ##

/* confdefs.h */
#define PACKAGE_NAME "FreeType"
#define PACKAGE_TARNAME "freetype"
#define PACKAGE_VERSION "2.4.9"
#define PACKAGE_STRING "FreeType 2.4.9"
#define PACKAGE_BUGREPORT "freetype@nongnu.org"
#define PACKAGE_URL ""
#define STDC_HEADERS 1
#define HAVE_SYS_TYPES_H 1
#define HAVE_SYS_STAT_H 1
#define HAVE_STDLIB_H 1
#define HAVE_STRING_H 1
#define HAVE_MEMORY_H 1
#define HAVE_STRINGS_H 1
#define HAVE_INTTYPES_H 1
#define HAVE_STDINT_H 1
#define HAVE_UNISTD_H 1
#define HAVE_FCNTL_H 1
#define HAVE_UNISTD_H 1
#define SIZEOF_INT 4
#define SIZEOF_LONG 8
#define HAVE_STDLIB_H 1
#define HAVE_UNISTD_H 1
#define HAVE_SYS_PARAM_H 1
#define HAVE_GETPAGESIZE 1
#define HAVE_MMAP 1
#define HAVE_DECL_MUNMAP 1
#define MUNMAP_USES_VOIDP /**/
#define HAVE_MEMCPY 1
#define HAVE_MEMMOVE 1
#define HAVE_DLFCN_H 1
#define LT_OBJDIR ".libs/"

configure: exit 0
